<?xml version="1.0" encoding="UTF-8"?>
<!-- Generated by org.testng.reporters.JUnitXMLReporter -->
<testsuite hostname="LAPTOP-BVGKOV0P" failures="0" tests="4" name="Test" time="30.456" errors="0" timestamp="19 May 2020 20:35:25 GMT">
  <testcase classname="Academy.ValidateNavigationbar" name="basePageNavigation" time="1.211"/>
  <testcase classname="Academy.ValidateTitle" name="basePageNavigation" time="0.048"/>
  <testcase classname="Academy.HomePage" name="baseNavigation" time="7.707"/>
  <testcase classname="Academy.HomePage" name="baseNavigation" time="6.663"/>
</testsuite> <!-- Test -->
