<?xml version="1.0" encoding="UTF-8"?>
<!-- Generated by org.testng.reporters.JUnitXMLReporter -->
<testsuite hostname="LAPTOP-BVGKOV0P" failures="1" tests="1" name="Validating Title Test" time="8.994" errors="0" timestamp="21 May 2020 11:54:54 GMT">
  <testcase classname="Academy.ValidateTitle" name="basePageNavigation" time="0.594">
    <failure type="java.lang.AssertionError" message="expected [FEATURED COURSES] but found [FEATU12RED COURSES]">
      <![CDATA[java.lang.AssertionError: expected [FEATURED COURSES] but found [FEATU12RED COURSES]
	at Academy.ValidateTitle.basePageNavigation(ValidateTitle.java:36)
	at java.base/java.util.concurrent.FutureTask.run(FutureTask.java:264)
	at java.base/java.util.concurrent.ThreadPoolExecutor.runWorker(ThreadPoolExecutor.java:1130)
	at java.base/java.util.concurrent.ThreadPoolExecutor$Worker.run(ThreadPoolExecutor.java:630)
	at java.base/java.lang.Thread.run(Thread.java:832)
... Removed 21 stack frames]]>
    </failure>
  </testcase> <!-- basePageNavigation -->
</testsuite> <!-- Validating Title Test -->
