<?xml version="1.0" encoding="UTF-8"?>
<!-- Generated by org.testng.reporters.JUnitXMLReporter -->
<testsuite hostname="LAPTOP-BVGKOV0P" failures="0" tests="4" name="Test" time="26.773" errors="0" timestamp="20 May 2020 23:14:10 GMT">
  <testcase classname="Academy.ValidateNavigationbar" name="basePageNavigation" time="2.456"/>
  <testcase classname="Academy.ValidateTitle" name="basePageNavigation" time="0.024"/>
  <testcase classname="Academy.HomePage" name="baseNavigation" time="6.278"/>
  <testcase classname="Academy.HomePage" name="baseNavigation" time="3.572"/>
</testsuite> <!-- Test -->
