<?xml version="1.0" encoding="UTF-8"?>
<testsuite xmlns:xsi="http://www.w3.org/2001/XMLSchema-instance" xsi:noNamespaceSchemaLocation="https://maven.apache.org/surefire/maven-surefire-plugin/xsd/surefire-test-report-3.0.xsd" version="3.0" name="TestSuite" time="27.813" tests="4" errors="0" skipped="0" failures="0">
  <properties>
[...]
</properties>
  <testcase name="basePageNavigation" classname="Academy.ValidateNavigationbar" time="2.456"/>
  <testcase name="basePageNavigation" classname="Academy.ValidateTitle" time="0.023"/>
  <testcase name="baseNavigation" classname="Academy.HomePage" time="6.279"/>
  <testcase name="baseNavigation" classname="Academy.HomePage" time="3.571"/>
</testsuite>