<?xml version="1.0" encoding="UTF-8"?>
<testng-results total="1" passed="1" failed="0" skipped="0">
  <reporter-output>
  </reporter-output>
  <suite started-at="2020-09-22T19:16:55Z" name="Default suite" finished-at="2020-09-22T19:17:09Z" duration-ms="14388">
    <groups>
    </groups>
    <test started-at="2020-09-22T19:16:55Z" name="Default test" finished-at="2020-09-22T19:17:09Z" duration-ms="14388">
      <class name="Academy.ValidateNavigationbar">
        <test-method is-config="true" signature="initialize()[pri:0, instance:Academy.ValidateNavigationbar@62dae540]" started-at="2020-09-22T15:16:55Z" name="initialize" finished-at="2020-09-22T15:17:02Z" duration-ms="7272" status="PASS">
          <reporter-output>
          </reporter-output>
        </test-method> <!-- initialize -->
        <test-method signature="basePageNavigation()[pri:0, instance:Academy.ValidateNavigationbar@62dae540]" started-at="2020-09-22T15:17:02Z" name="basePageNavigation" finished-at="2020-09-22T15:17:09Z" duration-ms="6945" status="PASS">
          <reporter-output>
          </reporter-output>
        </test-method> <!-- basePageNavigation -->
        <test-method is-config="true" signature="tearDown()[pri:0, instance:Academy.ValidateNavigationbar@62dae540]" started-at="2020-09-22T15:17:09Z" name="tearDown" finished-at="2020-09-22T15:17:09Z" duration-ms="153" status="PASS">
          <reporter-output>
          </reporter-output>
        </test-method> <!-- tearDown -->
      </class> <!-- Academy.ValidateNavigationbar -->
    </test> <!-- Default test -->
  </suite> <!-- Default suite -->
</testng-results>
