<?xml version="1.0" encoding="UTF-8"?>
<testng-results total="2" passed="2" failed="0" skipped="0">
  <reporter-output>
  </reporter-output>
  <suite started-at="2020-09-22T22:33:35Z" name="Default suite" finished-at="2020-09-22T22:33:47Z" duration-ms="12309">
    <groups>
    </groups>
    <test started-at="2020-09-22T22:33:35Z" name="Default test" finished-at="2020-09-22T22:33:47Z" duration-ms="12309">
      <class name="academy.tests.HomePageTest">
        <test-method is-config="true" signature="initialize()[pri:0, instance:academy.tests.HomePageTest@7c1e2a2d]" started-at="2020-09-22T18:33:35Z" name="initialize" finished-at="2020-09-22T18:33:38Z" duration-ms="3595" status="PASS">
          <reporter-output>
          </reporter-output>
        </test-method> <!-- initialize -->
        <test-method signature="baseNavigation(java.lang.String, java.lang.String, java.lang.String)[pri:0, instance:academy.tests.HomePageTest@7c1e2a2d]" started-at="2020-09-22T18:33:38Z" name="baseNavigation" data-provider="getData" finished-at="2020-09-22T18:33:44Z" duration-ms="5542" status="PASS">
          <params>
            <param index="0">
              <value>
                <![CDATA[nonrestricteduser@abc.com]]>
              </value>
            </param>
            <param index="1">
              <value>
                <![CDATA[abcdef]]>
              </value>
            </param>
            <param index="2">
              <value>
                <![CDATA[restricteduser]]>
              </value>
            </param>
          </params>
          <reporter-output>
          </reporter-output>
        </test-method> <!-- baseNavigation -->
        <test-method signature="baseNavigation(java.lang.String, java.lang.String, java.lang.String)[pri:0, instance:academy.tests.HomePageTest@7c1e2a2d]" started-at="2020-09-22T18:33:44Z" name="baseNavigation" data-provider="getData" finished-at="2020-09-22T18:33:47Z" duration-ms="3067" status="PASS">
          <params>
            <param index="0">
              <value>
                <![CDATA[restricteduser@abc.com]]>
              </value>
            </param>
            <param index="1">
              <value>
                <![CDATA[abcdef]]>
              </value>
            </param>
            <param index="2">
              <value is-null="true"/>
            </param>
          </params>
          <reporter-output>
          </reporter-output>
        </test-method> <!-- baseNavigation -->
        <test-method is-config="true" signature="tearDown()[pri:0, instance:academy.tests.HomePageTest@7c1e2a2d]" started-at="2020-09-22T18:33:47Z" name="tearDown" finished-at="2020-09-22T18:33:47Z" duration-ms="80" status="PASS">
          <reporter-output>
          </reporter-output>
        </test-method> <!-- tearDown -->
      </class> <!-- academy.tests.HomePageTest -->
    </test> <!-- Default test -->
  </suite> <!-- Default suite -->
</testng-results>
